2025-01-01T10:33:11.020Z - Database: undefined - Kết nối cơ sở dữ liệu thành công!
2025-01-01T10:33:11.020Z - Database: undefined - Đang truy vấn dữ liệu...
2025-01-01T10:33:55.484Z - Database: undefined - Kết nối cơ sở dữ liệu thành công!
2025-01-01T10:33:55.485Z - Database: undefined - Đang truy vấn dữ liệu...
2025-01-01T10:34:48.828Z - Database: myapp - Kết nối cơ sở dữ liệu thành công!
2025-01-01T10:34:48.828Z - Database: myapp - Đang truy vấn dữ liệu...
2025-01-01T10:37:51.400Z - Database: myapp - Kết nối cơ sở dữ liệu thành công!
2025-01-01T10:37:51.400Z - Database: myapp - Đang truy vấn dữ liệu...
2025-01-01T10:41:35.162Z - Database: myapp - Kết nối cơ sở dữ liệu thành công!
2025-01-01T10:41:35.163Z - Database: myapp - Đang truy vấn dữ liệu...
2025-01-01T10:44:34.637Z - Database: myapp - Kết nối cơ sở dữ liệu thành công!
2025-01-01T10:44:34.638Z - Database: myapp - Đang truy vấn dữ liệu...
2025-01-01T10:46:08.892Z - Database: myapp - Kết nối cơ sở dữ liệu thành công!
2025-01-01T10:46:08.893Z - Database: myapp - Đang truy vấn dữ liệu...
2025-01-01T10:48:51.696Z - Database: myapp - Kết nối cơ sở dữ liệu thành công!
2025-01-01T10:48:51.697Z - Database: myapp - Đang truy vấn dữ liệu...
2025-01-01T10:50:16.158Z - Database: myapp - Kết nối cơ sở dữ liệu thành công!
2025-01-01T10:50:16.158Z - Database: myapp - Đang truy vấn dữ liệu...
2025-01-01T10:53:33.357Z - Database: myapp - Kết nối cơ sở dữ liệu thành công!
2025-01-01T10:53:33.357Z - Database: myapp - Đang truy vấn dữ liệu...
2025-01-01T10:54:25.321Z - Database: myapp - Kết nối cơ sở dữ liệu thành công!
2025-01-01T10:54:25.322Z - Database: myapp - Đang truy vấn dữ liệu...
2025-01-01T10:56:02.570Z - Database: myapp - Kết nối cơ sở dữ liệu thành công!
2025-01-01T10:56:02.571Z - Database: myapp - Đang truy vấn dữ liệu...
2025-01-01T10:59:49.926Z - Database: myapp - Kết nối cơ sở dữ liệu thành công!
2025-01-01T10:59:49.927Z - Database: myapp - Đang truy vấn dữ liệu...
2025-01-01T11:00:26.171Z - Database: myapp - Kết nối cơ sở dữ liệu thành công!
2025-01-01T11:00:26.171Z - Database: myapp - Đang truy vấn dữ liệu...
2025-01-01T11:03:46.575Z - Database: myapp - Kết nối cơ sở dữ liệu thành công!
2025-01-01T11:03:46.575Z - Database: myapp - Đang truy vấn dữ liệu...
2025-01-01T11:06:38.982Z - Database: myapp - Kết nối cơ sở dữ liệu thành công!
2025-01-01T11:06:38.983Z - Database: myapp - Đang truy vấn dữ liệu...
2025-01-01T11:10:50.606Z - Database: myapp - Kết nối cơ sở dữ liệu thành công!
2025-01-01T11:10:50.606Z - Database: myapp - Đang truy vấn dữ liệu...
2025-01-01T11:13:21.334Z - Database: myapp - Kết nối cơ sở dữ liệu thành công!
2025-01-01T11:13:21.334Z - Database: myapp - Đang truy vấn dữ liệu...
2025-01-01T11:16:42.549Z - Database: myapp - Kết nối cơ sở dữ liệu thành công!
2025-01-01T11:16:42.549Z - Database: myapp - Đang truy vấn dữ liệu...
2025-01-01T11:19:52.591Z - Database: myapp - Kết nối cơ sở dữ liệu thành công!
2025-01-01T11:19:52.591Z - Database: myapp - Đang truy vấn dữ liệu...
2025-01-01T12:49:46.078Z - Database: myapp - Kết nối cơ sở dữ liệu thành công!
2025-01-01T12:49:46.078Z - Database: myapp - Đang truy vấn dữ liệu...
2025-01-01T12:50:45.898Z - Database: myapp - Kết nối cơ sở dữ liệu thành công!
2025-01-01T12:50:45.899Z - Database: myapp - Đang truy vấn dữ liệu...
2025-01-01T12:54:30.702Z - Database: myapp - Kết nối cơ sở dữ liệu thành công!
2025-01-01T12:54:30.702Z - Database: myapp - Đang truy vấn dữ liệu...
2025-01-01T13:19:22.946Z - Database: myapp - Kết nối cơ sở dữ liệu thành công!
2025-01-01T13:19:22.946Z - Database: myapp - Đang truy vấn dữ liệu...
2025-01-01T13:21:16.256Z - Database: myapp - Kết nối cơ sở dữ liệu thành công!
2025-01-01T13:21:16.256Z - Database: myapp - Đang truy vấn dữ liệu...
2025-01-01T13:22:55.094Z - Database: myapp - Kết nối cơ sở dữ liệu thành công!
2025-01-01T13:22:55.094Z - Database: myapp - Đang truy vấn dữ liệu...
2025-01-01T13:26:03.436Z - Database: myapp - Kết nối cơ sở dữ liệu thành công!
2025-01-01T13:26:03.436Z - Database: myapp - Đang truy vấn dữ liệu...
2025-01-01T13:29:14.191Z - Database: myapp - Kết nối cơ sở dữ liệu thành công!
2025-01-01T13:29:14.192Z - Database: myapp - Đang truy vấn dữ liệu...
2025-01-01T13:40:28.019Z - Database: myapp - Kết nối cơ sở dữ liệu thành công!
2025-01-01T13:40:28.019Z - Database: myapp - Đang truy vấn dữ liệu...
2025-01-01T13:42:04.463Z - Database: myapp - Kết nối cơ sở dữ liệu thành công!
2025-01-01T13:42:04.463Z - Database: myapp - Đang truy vấn dữ liệu...
2025-01-01T13:43:51.770Z - Database: myapp - Kết nối cơ sở dữ liệu thành công!
2025-01-01T13:43:51.770Z - Database: myapp - Đang truy vấn dữ liệu...
2025-01-01T13:50:22.097Z - Database: myapp - Kết nối cơ sở dữ liệu thành công!
2025-01-01T13:50:22.098Z - Database: myapp - Đang truy vấn dữ liệu...
2025-01-01T13:52:48.283Z - Database: myapp - Kết nối cơ sở dữ liệu thành công!
2025-01-01T13:52:48.283Z - Database: myapp - Đang truy vấn dữ liệu...
2025-01-01T13:56:21.397Z - Database: myapp - Kết nối cơ sở dữ liệu thành công!
2025-01-01T13:56:21.398Z - Database: myapp - Đang truy vấn dữ liệu...
2025-01-01T13:58:13.972Z - Database: myapp - Kết nối cơ sở dữ liệu thành công!
2025-01-01T13:58:13.972Z - Database: myapp - Đang truy vấn dữ liệu...
2025-01-01T14:03:38.551Z - Database: myapp - Kết nối cơ sở dữ liệu thành công!
2025-01-01T14:03:38.552Z - Database: myapp - Đang truy vấn dữ liệu...
2025-01-01T14:09:25.561Z - Database: myapp - Kết nối cơ sở dữ liệu thành công!
2025-01-01T14:09:25.562Z - Database: myapp - Đang truy vấn dữ liệu...
2025-01-01T14:12:04.368Z - Database: myapp - Kết nối cơ sở dữ liệu thành công!
2025-01-01T14:12:04.369Z - Database: myapp - Đang truy vấn dữ liệu...
2025-01-01T14:15:02.714Z - Database: myapp - Kết nối cơ sở dữ liệu thành công!
2025-01-01T14:15:02.715Z - Database: myapp - Đang truy vấn dữ liệu...
2025-01-01T15:25:19.157Z - Database: myapp - Kết nối cơ sở dữ liệu thành công!
2025-01-01T15:25:19.157Z - Database: myapp - Đang truy vấn dữ liệu...
2025-01-01T15:39:11.746Z - Database: myapp - Kết nối cơ sở dữ liệu thành công!
2025-01-01T15:39:11.746Z - Database: myapp - Đang truy vấn dữ liệu...
2025-01-01T15:48:55.624Z - Database: myapp - Kết nối cơ sở dữ liệu thành công!
2025-01-01T15:48:55.624Z - Database: myapp - Đang truy vấn dữ liệu...
2025-01-01T15:54:46.403Z - Database: myapp - Kết nối cơ sở dữ liệu thành công!
2025-01-01T15:54:46.403Z - Database: myapp - Đang truy vấn dữ liệu...
2025-01-01T15:58:37.615Z - Database: myapp - Kết nối cơ sở dữ liệu thành công!
2025-01-01T15:58:37.616Z - Database: myapp - Đang truy vấn dữ liệu...
2025-01-01T16:00:23.475Z - Database: myapp - Kết nối cơ sở dữ liệu thành công!
2025-01-01T16:00:23.476Z - Database: myapp - Đang truy vấn dữ liệu...
2025-01-01T16:04:22.904Z - Database: myapp - Kết nối cơ sở dữ liệu thành công!
2025-01-01T16:04:22.905Z - Database: myapp - Đang truy vấn dữ liệu...
2025-01-01T16:16:53.718Z - Database: myapp - Kết nối cơ sở dữ liệu thành công!
2025-01-01T16:16:53.718Z - Database: myapp - Đang truy vấn dữ liệu...
2025-01-01T16:20:29.776Z - Database: myapp - Kết nối cơ sở dữ liệu thành công!
2025-01-01T16:20:29.777Z - Database: myapp - Đang truy vấn dữ liệu...
2025-01-01T16:21:58.767Z - Database: myapp - Kết nối cơ sở dữ liệu thành công!
2025-01-01T16:21:58.767Z - Database: myapp - Đang truy vấn dữ liệu...
2025-01-01T16:22:37.508Z - Database: myapp - Kết nối cơ sở dữ liệu thành công!
2025-01-01T16:22:37.509Z - Database: myapp - Đang truy vấn dữ liệu...
2025-01-01T16:22:45.759Z - Database: myapp - Kết nối cơ sở dữ liệu thành công!
2025-01-01T16:22:45.760Z - Database: myapp - Đang truy vấn dữ liệu...
2025-01-01T16:29:01.647Z - Database: myapp - Kết nối cơ sở dữ liệu thành công!
2025-01-01T16:29:01.648Z - Database: myapp - Đang truy vấn dữ liệu...
2025-01-01T16:30:31.294Z - Database: myapp - Kết nối cơ sở dữ liệu thành công!
2025-01-01T16:30:31.295Z - Database: myapp - Đang truy vấn dữ liệu...
2025-01-01T16:39:08.960Z - Database: myapp - Kết nối cơ sở dữ liệu thành công!
2025-01-01T16:39:08.960Z - Database: myapp - Đang truy vấn dữ liệu...
2025-01-01T16:40:58.907Z - Database: myapp - Kết nối cơ sở dữ liệu thành công!
2025-01-01T16:40:58.908Z - Database: myapp - Đang truy vấn dữ liệu...
2025-01-01T16:42:38.665Z - Database: myapp - Kết nối cơ sở dữ liệu thành công!
2025-01-01T16:42:38.665Z - Database: myapp - Đang truy vấn dữ liệu...
2025-01-01T16:44:05.458Z - Database: myapp - Kết nối cơ sở dữ liệu thành công!
2025-01-01T16:44:05.458Z - Database: myapp - Đang truy vấn dữ liệu...
2025-01-01T16:46:02.907Z - Database: myapp - Kết nối cơ sở dữ liệu thành công!
2025-01-01T16:46:02.908Z - Database: myapp - Đang truy vấn dữ liệu...
2025-01-01T16:49:11.350Z - Database: db_app - Kết nối cơ sở dữ liệu thành công!
2025-01-01T16:49:11.351Z - Database: db_app - Đang truy vấn dữ liệu...
2025-01-01T16:59:29.977Z - Database: defaultdb - Kết nối cơ sở dữ liệu thành công!
2025-01-01T16:59:29.977Z - Database: defaultdb - Đang truy vấn dữ liệu...
2025-01-01T17:04:43.513Z - Database: defaultdb - Kết nối cơ sở dữ liệu thành công!
2025-01-01T17:04:43.514Z - Database: defaultdb - Đang truy vấn dữ liệu...
2025-01-01T17:06:24.548Z - Database: defaultdb - Kết nối cơ sở dữ liệu thành công!
2025-01-01T17:06:24.549Z - Database: defaultdb - Đang truy vấn dữ liệu...
2025-01-01T17:12:54.706Z - Database: myapp - Kết nối cơ sở dữ liệu thành công!
2025-01-01T17:12:54.706Z - Database: myapp - Đang truy vấn dữ liệu...
2025-01-01T17:14:09.310Z - Database: myapp - Kết nối cơ sở dữ liệu thành công!
2025-01-01T17:14:09.310Z - Database: myapp - Đang truy vấn dữ liệu...
2025-01-01T17:16:19.996Z - Database: defaultdb - Kết nối cơ sở dữ liệu thành công!
2025-01-01T17:16:19.997Z - Database: defaultdb - Đang truy vấn dữ liệu...
2025-01-02T04:15:51.514Z - Database: myapp - Kết nối cơ sở dữ liệu thành công!
2025-01-02T04:15:51.515Z - Database: myapp - Đang truy vấn dữ liệu...
2025-01-02T04:16:38.006Z - Database: myapp - Kết nối cơ sở dữ liệu thành công!
2025-01-02T04:16:38.006Z - Database: myapp - Đang truy vấn dữ liệu...
2025-01-02T04:18:43.738Z - Database: myapp - Kết nối cơ sở dữ liệu thành công!
2025-01-02T04:18:43.739Z - Database: myapp - Đang truy vấn dữ liệu...
2025-01-02T04:21:48.411Z - Database: myapp - Kết nối cơ sở dữ liệu thành công!
2025-01-02T04:21:48.411Z - Database: myapp - Đang truy vấn dữ liệu...
2025-01-02T04:24:15.338Z - Database: myapp - Kết nối cơ sở dữ liệu thành công!
2025-01-02T04:24:15.339Z - Database: myapp - Đang truy vấn dữ liệu...
2025-01-02T04:24:45.717Z - Database: myapp - Kết nối cơ sở dữ liệu thành công!
2025-01-02T04:24:45.717Z - Database: myapp - Đang truy vấn dữ liệu...
2025-01-02T04:26:32.473Z - Database: myapp - Kết nối cơ sở dữ liệu thành công!
2025-01-02T04:26:32.474Z - Database: myapp - Đang truy vấn dữ liệu...
2025-01-02T14:49:10.837Z - Database: myapp - Kết nối cơ sở dữ liệu thành công!
2025-01-02T14:49:10.837Z - Database: myapp - Đang truy vấn dữ liệu...
2025-01-02T15:09:12.835Z - Database: myapp - Kết nối cơ sở dữ liệu thành công!
2025-01-02T15:09:12.835Z - Database: myapp - Đang truy vấn dữ liệu...
2025-01-02T15:15:43.838Z - Database: myapp - Kết nối cơ sở dữ liệu thành công!
2025-01-02T15:15:43.839Z - Database: myapp - Đang truy vấn dữ liệu...
2025-01-02T15:20:50.970Z - Database: myapp - Kết nối cơ sở dữ liệu thành công!
2025-01-02T15:20:50.970Z - Database: myapp - Đang truy vấn dữ liệu...
2025-01-02T15:27:36.525Z - Database: myapp - Kết nối cơ sở dữ liệu thành công!
2025-01-02T15:27:36.525Z - Database: myapp - Đang truy vấn dữ liệu...
2025-01-02T15:31:19.490Z - Database: myapp - Kết nối cơ sở dữ liệu thành công!
2025-01-02T15:31:19.491Z - Database: myapp - Đang truy vấn dữ liệu...
2025-01-02T15:34:08.004Z - Database: myapp - Kết nối cơ sở dữ liệu thành công!
2025-01-02T15:34:08.004Z - Database: myapp - Đang truy vấn dữ liệu...
2025-01-02T15:36:09.032Z - Database: myapp - Kết nối cơ sở dữ liệu thành công!
2025-01-02T15:36:09.032Z - Database: myapp - Đang truy vấn dữ liệu...
2025-01-02T15:36:44.054Z - Database: myapp - Kết nối cơ sở dữ liệu thành công!
2025-01-02T15:36:44.054Z - Database: myapp - Đang truy vấn dữ liệu...
2025-01-02T15:37:34.946Z - Database: myapp - Kết nối cơ sở dữ liệu thành công!
2025-01-02T15:37:34.946Z - Database: myapp - Đang truy vấn dữ liệu...
2025-01-02T15:38:36.715Z - Database: myapp - Kết nối cơ sở dữ liệu thành công!
2025-01-02T15:38:36.716Z - Database: myapp - Đang truy vấn dữ liệu...
2025-01-02T15:39:07.981Z - Database: myapp - Kết nối cơ sở dữ liệu thành công!
2025-01-02T15:39:07.981Z - Database: myapp - Đang truy vấn dữ liệu...
2025-01-02T15:40:39.981Z - Database: myapp - Kết nối cơ sở dữ liệu thành công!
2025-01-02T15:40:39.981Z - Database: myapp - Đang truy vấn dữ liệu...
2025-01-02T15:43:51.034Z - Database: myapp - Kết nối cơ sở dữ liệu thành công!
2025-01-02T15:43:51.034Z - Database: myapp - Đang truy vấn dữ liệu...
2025-01-02T15:46:18.345Z - Database: myapp - Kết nối cơ sở dữ liệu thành công!
2025-01-02T15:46:18.345Z - Database: myapp - Đang truy vấn dữ liệu...
2025-01-02T15:46:46.377Z - Database: myapp - Kết nối cơ sở dữ liệu thành công!
2025-01-02T15:46:46.377Z - Database: myapp - Đang truy vấn dữ liệu...
2025-01-02T15:48:10.597Z - Database: myapp - Kết nối cơ sở dữ liệu thành công!
2025-01-02T15:48:10.597Z - Database: myapp - Đang truy vấn dữ liệu...
2025-01-02T15:56:33.152Z - Database: myapp - Kết nối cơ sở dữ liệu thành công!
2025-01-02T15:56:33.152Z - Database: myapp - Đang truy vấn dữ liệu...
2025-01-02T15:57:06.868Z - Database: myapp - Kết nối cơ sở dữ liệu thành công!
2025-01-02T15:57:06.868Z - Database: myapp - Đang truy vấn dữ liệu...
2025-01-02T15:57:33.168Z - Database: myapp - Kết nối cơ sở dữ liệu thành công!
2025-01-02T15:57:33.168Z - Database: myapp - Đang truy vấn dữ liệu...
2025-01-02T15:57:52.446Z - Database: myapp - Kết nối cơ sở dữ liệu thành công!
2025-01-02T15:57:52.446Z - Database: myapp - Đang truy vấn dữ liệu...
2025-01-02T16:00:11.655Z - Database: myapp - Kết nối cơ sở dữ liệu thành công!
2025-01-02T16:00:11.656Z - Database: myapp - Đang truy vấn dữ liệu...
2025-01-02T16:01:53.237Z - Database: myapp - Kết nối cơ sở dữ liệu thành công!
2025-01-02T16:01:53.238Z - Database: myapp - Đang truy vấn dữ liệu...
2025-01-02T16:02:33.223Z - Database: myapp - Kết nối cơ sở dữ liệu thành công!
2025-01-02T16:02:33.224Z - Database: myapp - Đang truy vấn dữ liệu...
2025-01-02T16:04:05.013Z - Database: myapp - Kết nối cơ sở dữ liệu thành công!
2025-01-02T16:04:05.014Z - Database: myapp - Đang truy vấn dữ liệu...
2025-01-02T16:07:41.796Z - Database: myapp - Kết nối cơ sở dữ liệu thành công!
2025-01-02T16:07:41.796Z - Database: myapp - Đang truy vấn dữ liệu...
2025-01-02T16:09:49.554Z - Database: myapp - Kết nối cơ sở dữ liệu thành công!
2025-01-02T16:09:49.555Z - Database: myapp - Đang truy vấn dữ liệu...
2025-01-02T16:21:35.454Z - Database: myapp - Kết nối cơ sở dữ liệu thành công!
2025-01-02T16:21:35.455Z - Database: myapp - Đang truy vấn dữ liệu...
2025-01-02T16:23:55.137Z - Database: myapp - Kết nối cơ sở dữ liệu thành công!
2025-01-02T16:23:55.137Z - Database: myapp - Đang truy vấn dữ liệu...
2025-01-02T16:26:12.620Z - Database: myapp - Kết nối cơ sở dữ liệu thành công!
2025-01-02T16:26:12.621Z - Database: myapp - Đang truy vấn dữ liệu...
2025-01-02T16:31:53.824Z - Database: myapp - Kết nối cơ sở dữ liệu thành công!
2025-01-02T16:31:53.824Z - Database: myapp - Đang truy vấn dữ liệu...
2025-01-02T16:32:30.114Z - Database: myapp - Kết nối cơ sở dữ liệu thành công!
2025-01-02T16:32:30.114Z - Database: myapp - Đang truy vấn dữ liệu...
2025-01-02T16:33:13.524Z - Database: myapp - Kết nối cơ sở dữ liệu thành công!
2025-01-02T16:33:13.524Z - Database: myapp - Đang truy vấn dữ liệu...
2025-01-02T16:34:32.873Z - Database: myapp - Kết nối cơ sở dữ liệu thành công!
2025-01-02T16:34:32.873Z - Database: myapp - Đang truy vấn dữ liệu...
2025-01-02T16:35:27.359Z - Database: myapp - Kết nối cơ sở dữ liệu thành công!
2025-01-02T16:35:27.360Z - Database: myapp - Đang truy vấn dữ liệu...
2025-01-02T16:37:25.370Z - Database: myapp - Kết nối cơ sở dữ liệu thành công!
2025-01-02T16:37:25.370Z - Database: myapp - Đang truy vấn dữ liệu...
2025-01-02T16:44:53.168Z - Database: myapp - Kết nối cơ sở dữ liệu thành công!
2025-01-02T16:44:53.168Z - Database: myapp - Đang truy vấn dữ liệu...
2025-01-02T16:48:50.841Z - Database: myapp - Kết nối cơ sở dữ liệu thành công!
2025-01-02T16:48:50.841Z - Database: myapp - Đang truy vấn dữ liệu...
2025-01-02T16:50:14.781Z - Database: myapp - Kết nối cơ sở dữ liệu thành công!
2025-01-02T16:50:14.781Z - Database: myapp - Đang truy vấn dữ liệu...
2025-01-02T16:52:24.151Z - Database: myapp - Kết nối cơ sở dữ liệu thành công!
2025-01-02T16:52:24.152Z - Database: myapp - Đang truy vấn dữ liệu...
2025-01-02T16:54:02.847Z - Database: myapp - Kết nối cơ sở dữ liệu thành công!
2025-01-02T16:54:02.847Z - Database: myapp - Đang truy vấn dữ liệu...
2025-01-02T16:55:07.870Z - Database: myapp - Kết nối cơ sở dữ liệu thành công!
2025-01-02T16:55:07.871Z - Database: myapp - Đang truy vấn dữ liệu...
2025-01-02T16:55:13.239Z - Database: myapp - Kết nối cơ sở dữ liệu thành công!
2025-01-02T16:55:13.239Z - Database: myapp - Đang truy vấn dữ liệu...
2025-01-02T16:56:30.325Z - Database: myapp - Kết nối cơ sở dữ liệu thành công!
2025-01-02T16:56:30.326Z - Database: myapp - Đang truy vấn dữ liệu...
2025-01-02T17:11:45.076Z - Database: myapp - Kết nối cơ sở dữ liệu thành công!
2025-01-02T17:11:45.076Z - Database: myapp - Đang truy vấn dữ liệu...
2025-01-02T17:15:19.322Z - Database: myapp - Kết nối cơ sở dữ liệu thành công!
2025-01-02T17:15:19.322Z - Database: myapp - Đang truy vấn dữ liệu...
2025-01-02T17:15:59.165Z - Database: myapp - Kết nối cơ sở dữ liệu thành công!
2025-01-02T17:15:59.166Z - Database: myapp - Đang truy vấn dữ liệu...
2025-01-02T17:17:18.552Z - Database: myapp - Kết nối cơ sở dữ liệu thành công!
2025-01-02T17:17:18.552Z - Database: myapp - Đang truy vấn dữ liệu...
2025-01-02T17:18:13.765Z - Database: myapp - Kết nối cơ sở dữ liệu thành công!
2025-01-02T17:18:13.765Z - Database: myapp - Đang truy vấn dữ liệu...
2025-01-02T17:27:20.720Z - Database: myapp - Kết nối cơ sở dữ liệu thành công!
2025-01-02T17:27:20.720Z - Database: myapp - Đang truy vấn dữ liệu...
2025-01-02T17:30:30.821Z - Database: myapp - Kết nối cơ sở dữ liệu thành công!
2025-01-02T17:30:30.821Z - Database: myapp - Đang truy vấn dữ liệu...
2025-01-02T17:32:45.950Z - Database: myapp - Kết nối cơ sở dữ liệu thành công!
2025-01-02T17:32:45.950Z - Database: myapp - Đang truy vấn dữ liệu...
2025-01-02T17:33:56.209Z - Database: myapp - Kết nối cơ sở dữ liệu thành công!
2025-01-02T17:33:56.210Z - Database: myapp - Đang truy vấn dữ liệu...
2025-01-02T17:35:11.605Z - Database: myapp - Kết nối cơ sở dữ liệu thành công!
2025-01-02T17:35:11.605Z - Database: myapp - Đang truy vấn dữ liệu...
2025-01-02T17:37:20.002Z - Database: myapp - Kết nối cơ sở dữ liệu thành công!
2025-01-02T17:37:20.002Z - Database: myapp - Đang truy vấn dữ liệu...
2025-01-02T17:41:52.844Z - Database: myapp - Kết nối cơ sở dữ liệu thành công!
2025-01-02T17:41:52.844Z - Database: myapp - Đang truy vấn dữ liệu...
2025-01-02T17:56:16.531Z - Database: myapp - Kết nối cơ sở dữ liệu thành công!
2025-01-02T17:56:16.531Z - Database: myapp - Đang truy vấn dữ liệu...
